0 info it worked if it ends with ok
1 verbose cli [ '/Users/jodonnell/.nvm/versions/node/v4.3.0/bin/node',
1 verbose cli   '/Users/jodonnell/.nvm/versions/node/v4.3.0/bin/npm',
1 verbose cli   'run',
1 verbose cli   'startDev' ]
2 info using npm@2.14.12
3 info using node@v4.3.0
4 verbose stack Error: ENOENT: no such file or directory, open '/Users/jodonnell/Code/3rdParty/BroadsoftExternalDocs/package.json'
4 verbose stack     at Error (native)
5 verbose cwd /Users/jodonnell/Code/3rdParty/BroadsoftExternalDocs
6 error Darwin 15.5.0
7 error argv "/Users/jodonnell/.nvm/versions/node/v4.3.0/bin/node" "/Users/jodonnell/.nvm/versions/node/v4.3.0/bin/npm" "run" "startDev"
8 error node v4.3.0
9 error npm  v2.14.12
10 error path /Users/jodonnell/Code/3rdParty/BroadsoftExternalDocs/package.json
11 error code ENOENT
12 error errno -2
13 error syscall open
14 error enoent ENOENT: no such file or directory, open '/Users/jodonnell/Code/3rdParty/BroadsoftExternalDocs/package.json'
14 error enoent This is most likely not a problem with npm itself
14 error enoent and is related to npm not being able to find a file.
15 verbose exit [ -2, true ]
